0 silly argv {
0 silly argv   _: [ 'add' ],
0 silly argv   scope: [
0 silly argv     '@booking-ui/sharedlerna',
0 silly argv     '@booking-ui/sharedlerna',
0 silly argv     '@booking-ui/sharedlerna',
0 silly argv     '@booking-ui/'
0 silly argv   ],
0 silly argv   globs: [
0 silly argv     'add',
0 silly argv     '@booking-ui/[your-package-name]',
0 silly argv     'add',
0 silly argv     '@booking-ui/[your-package-name]',
0 silly argv     'add',
0 silly argv     '@booking-ui/[your-package-name]'
0 silly argv   ],
0 silly argv   lernaVersion: '4.0.0',
0 silly argv   '$0': 'node_modules/.bin/lerna',
0 silly argv   pkg: '@booking-ui/[your-package-name]'
0 silly argv }
1 notice cli v4.0.0
2 verbose rootPath /home/dev/git/platzi/booking-ui
3 info versioning independent
4 error
